16:07:51 **** Incremental Build of configuration Debug for project LED ****
make all 
Invoking: Print Size
avr-size --format=avr --mcu=atmega328p LED.elf
AVR Memory Usage
----------------
Device: atmega328p

Program:     142 bytes (0.4% Full)
(.text + .data + .bootloader)

Data:          0 bytes (0.0% Full)
(.data + .bss + .noinit)


Finished building: sizedummy
 
16:07:52 **** Incremental Build of configuration Release for project Homework ****
make all 
Invoking: Print Size
avr-size --format=avr --mcu=atmega328p Homework.elf
AVR Memory Usage
----------------
Device: atmega328p

Program:     194 bytes (0.6% Full)
(.text + .data + .bootloader)

Data:          0 bytes (0.0% Full)
(.data + .bss + .noinit)


Finished building: sizedummy
 
16:07:52 **** Incremental Build of configuration Release for project Homework ****
make all 
Invoking: Print Size
avr-size --format=avr --mcu=atmega328p Homework.elf
AVR Memory Usage
----------------
Device: atmega328p

Program:     194 bytes (0.6% Full)
(.text + .data + .bootloader)

Data:          0 bytes (0.0% Full)
(.data + .bss + .noinit)


Finished building: sizedummy
 
16:07:53 **** Clean-only build of configuration Debug for project Motordrive ****
make clean 
rm -rf  Motordrive.hex  ./function/flash.o  ./PWMSERVO/delay.o ./PWMSERVO/pwm.o ./PWMSERVO/serial.o  ./main.o  sizedummy  Motordrive.lss  ./function/flash.d  ./PWMSERVO/delay.d ./PWMSERVO/pwm.d ./PWMSERVO/serial.d  ./main.d  Motordrive.elf
AllocationBase 0x0, BaseAddress 0x71540000, RegionSize 0x20000, State 0x10000
C:\WinAVR-20100110\utils\bin\rm.exe: *** Couldn't reserve space for cygwin's heap, Win32 error 0
make: [clean] Error 1 (ignored)
 
16:07:53 **** Incremental Build of configuration Debug for project Motordrive ****
make all 
Building file: ../PWMSERVO/pwm.c
Invoking: AVR Compiler
avr-gcc -I"C:\Users\stein\Documents\Eclipsews\Homework" -Wall -g2 -gstabs -O0 -fpack-struct -fshort-enums -ffunction-sections -fdata-sections -std=gnu99 -funsigned-char -funsigned-bitfields -mmcu=atmega328p -DF_CPU=16000000UL -MMD -MP -MF"PWMSERVO/pwm.d" -MT"PWMSERVO/pwm.o" -c -o "PWMSERVO/pwm.o" "../PWMSERVO/pwm.c"
AllocationBase 0x0, BaseAddress 0x71540000, RegionSize 0x20000, State 0x10000
C:\WinAVR-20100110\utils\bin\sh.exe: *** Couldn't reserve space for cygwin's heap, Win32 error 0
make: *** [PWMSERVO/pwm.o] Error 1
"make all" terminated with exit code 2. Build might be incomplete.
16:07:59 **** Incremental Build of configuration Debug for project LED ****
make all 
Invoking: Print Size
avr-size --format=avr --mcu=atmega328p LED.elf
AVR Memory Usage
----------------
Device: atmega328p

Program:     142 bytes (0.4% Full)
(.text + .data + .bootloader)

Data:          0 bytes (0.0% Full)
(.data + .bss + .noinit)


Finished building: sizedummy
 
16:07:59 **** Incremental Build of configuration Release for project Homework ****
make all 
Invoking: Print Size
avr-size --format=avr --mcu=atmega328p Homework.elf
AVR Memory Usage
----------------
Device: atmega328p

Program:     194 bytes (0.6% Full)
(.text + .data + .bootloader)

Data:          0 bytes (0.0% Full)
(.data + .bss + .noinit)


Finished building: sizedummy
 
16:07:59 **** Incremental Build of configuration Release for project Homework ****
make all 
Invoking: Print Size
avr-size --format=avr --mcu=atmega328p Homework.elf
AVR Memory Usage
----------------
Device: atmega328p

Program:     194 bytes (0.6% Full)
(.text + .data + .bootloader)

Data:          0 bytes (0.0% Full)
(.data + .bss + .noinit)


Finished building: sizedummy
 
16:07:59 **** Incremental Build of configuration Debug for project Motordrive ****
make all 
Building file: ../PWMSERVO/pwm.c
Invoking: AVR Compiler
avr-gcc -I"C:\Users\stein\Documents\Eclipsews\Homework" -Wall -g2 -gstabs -O0 -fpack-struct -fshort-enums -ffunction-sections -fdata-sections -std=gnu99 -funsigned-char -funsigned-bitfields -mmcu=atmega328p -DF_CPU=16000000UL -MMD -MP -MF"PWMSERVO/pwm.d" -MT"PWMSERVO/pwm.o" -c -o "PWMSERVO/pwm.o" "../PWMSERVO/pwm.c"
AllocationBase 0x0, BaseAddress 0x71540000, RegionSize 0x20000, State 0x10000
C:\WinAVR-20100110\utils\bin\sh.exe: *** Couldn't reserve space for cygwin's heap, Win32 error 0
make: *** [PWMSERVO/pwm.o] Error 1
"make all" terminated with exit code 2. Build might be incomplete.
16:08:00 **** Incremental Build of configuration Debug for project bitwise ****
make all 
Building file: ../bitt.c
Invoking: AVR Compiler
avr-gcc -Wall -g2 -gstabs -O0 -fpack-struct -fshort-enums -ffunction-sections -fdata-sections -std=gnu99 -funsigned-char -funsigned-bitfields -mmcu=atmega328p -DF_CPU=16000000UL -MMD -MP -MF"bitt.d" -MT"bitt.o" -c -o "bitt.o" "../bitt.c"
AllocationBase 0x0, BaseAddress 0x71540000, RegionSize 0x20000, State 0x10000
C:\WinAVR-20100110\utils\bin\sh.exe: *** Couldn't reserve space for cygwin's heap, Win32 error 0
make: *** [bitt.o] Error 1
"make all" terminated with exit code 2. Build might be incomplete.
16:08:35 **** Incremental Build of configuration Debug for project LED ****
make all 
Invoking: Print Size
avr-size --format=avr --mcu=atmega328p LED.elf
AVR Memory Usage
----------------
Device: atmega328p

Program:     142 bytes (0.4% Full)
(.text + .data + .bootloader)

Data:          0 bytes (0.0% Full)
(.data + .bss + .noinit)


Finished building: sizedummy
 
16:08:35 **** Incremental Build of configuration Release for project Homework ****
make all 
Invoking: Print Size
avr-size --format=avr --mcu=atmega328p Homework.elf
AVR Memory Usage
----------------
Device: atmega328p

Program:     194 bytes (0.6% Full)
(.text + .data + .bootloader)

Data:          0 bytes (0.0% Full)
(.data + .bss + .noinit)


Finished building: sizedummy
 
16:08:36 **** Incremental Build of configuration Release for project Homework ****
make all 
Invoking: Print Size
avr-size --format=avr --mcu=atmega328p Homework.elf
AVR Memory Usage
----------------
Device: atmega328p

Program:     194 bytes (0.6% Full)
(.text + .data + .bootloader)

Data:          0 bytes (0.0% Full)
(.data + .bss + .noinit)


Finished building: sizedummy
 
16:08:36 **** Incremental Build of configuration Debug for project Motordrive ****
make all 
Building file: C:/Users/stein/Documents/Eclipsews/Homework/function/flash.c
Invoking: AVR Compiler
avr-gcc -Wall -g2 -gstabs -O0 -fpack-struct -fshort-enums -ffunction-sections -fdata-sections -std=gnu99 -funsigned-char -funsigned-bitfields -mmcu=atmega328p -DF_CPU=16000000UL -MMD -MP -MF"function/flash.d" -MT"function/flash.o" -c -o "function/flash.o" "C:/Users/stein/Documents/Eclipsews/Homework/function/flash.c"
AllocationBase 0x0, BaseAddress 0x71540000, RegionSize 0x20000, State 0x10000
C:\WinAVR-20100110\utils\bin\sh.exe: *** Couldn't reserve space for cygwin's heap, Win32 error 0
make: *** [function/flash.o] Error 1
"make all" terminated with exit code 2. Build might be incomplete.
16:08:36 **** Incremental Build of configuration Debug for project bitwise ****
make all 
Building file: ../bitt.c
Invoking: AVR Compiler
avr-gcc -Wall -g2 -gstabs -O0 -fpack-struct -fshort-enums -ffunction-sections -fdata-sections -std=gnu99 -funsigned-char -funsigned-bitfields -mmcu=atmega328p -DF_CPU=16000000UL -MMD -MP -MF"bitt.d" -MT"bitt.o" -c -o "bitt.o" "../bitt.c"
AllocationBase 0x0, BaseAddress 0x71540000, RegionSize 0x20000, State 0x10000
C:\WinAVR-20100110\utils\bin\sh.exe: *** Couldn't reserve space for cygwin's heap, Win32 error 0
make: *** [bitt.o] Error 1
"make all" terminated with exit code 2. Build might be incomplete.
