16:49:57 **** Incremental Build of configuration Release for project Homework ****
make all 
Building file: ../function/flash.c
Invoking: AVR Compiler
avr-gcc -Wall -Os -fpack-struct -fshort-enums -ffunction-sections -fdata-sections -std=gnu99 -funsigned-char -funsigned-bitfields -mmcu=atmega328p -DF_CPU=16000000UL -MMD -MP -MF"function/flash.d" -MT"function/flash.o" -c -o "function/flash.o" "../function/flash.c"
Finished building: ../function/flash.c
 
Building file: ../main.c
Invoking: AVR Compiler
avr-gcc -Wall -Os -fpack-struct -fshort-enums -ffunction-sections -fdata-sections -std=gnu99 -funsigned-char -funsigned-bitfields -mmcu=atmega328p -DF_CPU=16000000UL -MMD -MP -MF"main.d" -MT"main.o" -c -o "main.o" "../main.c"
Finished building: ../main.c
 
Building target: Homework.elf
Invoking: AVR C Linker
avr-gcc -Wl,-Map,Homework.map -mmcu=atmega328p -o "Homework.elf"  ./function/flash.o  ./main.o   
Finished building target: Homework.elf
 
Invoking: AVR Create Extended Listing
avr-objdump -h -S Homework.elf  >"Homework.lss"
Finished building: Homework.lss
 
Create Flash image (ihex format)
avr-objcopy -R .eeprom -R .fuse -R .lock -R .signature -O ihex Homework.elf  "Homework.hex"
Finished building: Homework.hex
 
Create eeprom image (ihex format)
avr-objcopy -j .eeprom --no-change-warnings --change-section-lma .eeprom=0 -O ihex Homework.elf  "Homework.eep"
Finished building: Homework.eep
 
Invoking: Print Size
avr-size --format=avr --mcu=atmega328p Homework.elf
AVR Memory Usage
----------------
Device: atmega328p

Program:     194 bytes (0.6% Full)
(.text + .data + .bootloader)

Data:          0 bytes (0.0% Full)
(.data + .bss + .noinit)


Finished building: sizedummy
 

16:49:57 Build Finished. 0 errors, 0 warnings. (took 385ms)

