16:49:57 **** Incremental Build of configuration Debug for project Motordrive ****
make all 
Building file: ../main.c
Invoking: AVR Compiler
avr-gcc -I"C:\Users\stein\Documents\Eclipsews\Homework" -Wall -g2 -gstabs -O0 -fpack-struct -fshort-enums -ffunction-sections -fdata-sections -std=gnu99 -funsigned-char -funsigned-bitfields -mmcu=atmega328p -DF_CPU=16000000UL -MMD -MP -MF"main.d" -MT"main.o" -c -o "main.o" "../main.c"
Finished building: ../main.c
 
Building target: Motordrive.elf
Invoking: AVR C Linker
avr-gcc -Wl,-Map,Motordrive.map -mmcu=atmega328p -o "Motordrive.elf"  ./function/flash.o  ./PWMSERVO/delay.o ./PWMSERVO/serial.o ./PWMSERVO/servo.o  ./main.o   
Finished building target: Motordrive.elf
 
Invoking: AVR Create Extended Listing
avr-objdump -h -S Motordrive.elf  >"Motordrive.lss"
Finished building: Motordrive.lss
 
Create Flash image (ihex format)
avr-objcopy -R .eeprom -R .fuse -R .lock -R .signature -O ihex Motordrive.elf  "Motordrive.hex"
Finished building: Motordrive.hex
 
Invoking: Print Size
avr-size --format=avr --mcu=atmega328p Motordrive.elf
AVR Memory Usage
----------------
Device: atmega328p

Program:    5498 bytes (16.8% Full)
(.text + .data + .bootloader)

Data:        269 bytes (13.1% Full)
(.data + .bss + .noinit)


Finished building: sizedummy
 

16:49:58 Build Finished. 0 errors, 0 warnings. (took 334ms)

